<?xml version="1.0" encoding="UTF-8"?>
<!-- Generated by org.testng.reporters.JUnitReportReporter -->
<testsuite hostname="DK-C-BLR-AUGA" failures="0" tests="1" name="EPOSMobileTestFramework.MobileTestFramework.TestCases" time="58.621" errors="0" timestamp="2022-06-23T14:08:12 CEST" skipped="0">
  <testcase classname="EPOSMobileTestFramework.MobileTestFramework.TestCases" name="homeScreenValidation" time="58.621"/>
  <system-out/>
</testsuite> <!-- EPOSMobileTestFramework.MobileTestFramework.TestCases -->
