<?xml version="1.0" encoding="UTF-8"?>
<!-- Generated by org.testng.reporters.JUnitReportReporter -->
<testsuite hostname="DK-C-BLR-AUGA" failures="0" tests="1" name="MobileTestFramework.MobileTestFramework.TestCases" time="23.466" errors="0" timestamp="2022-09-14T12:05:00 CEST" skipped="0">
  <testcase classname="MobileTestFramework.MobileTestFramework.TestCases" name="homeScreenValidation" time="23.466"/>
  <system-out/>
</testsuite> <!-- MobileTestFramework.MobileTestFramework.TestCases -->
