<?xml version="1.0" encoding="UTF-8"?>
<!-- Generated by org.testng.reporters.JUnitReportReporter -->
<testsuite hostname="DK-C-BLR-AUGA" failures="0" tests="1" name="EPOSMobileTestFramework.MobileTestFramework.TestValidateHeadSet" time="40.482" errors="0" timestamp="2021-05-20T10:21:26 CEST" skipped="0">
  <testcase classname="EPOSMobileTestFramework.MobileTestFramework.TestValidateHeadSet" name="AppDeviceValidation" time="40.482"/>
  <system-out/>
</testsuite> <!-- EPOSMobileTestFramework.MobileTestFramework.TestValidateHeadSet -->
