<?xml version="1.0" encoding="UTF-8"?>
<!-- Generated by org.testng.reporters.JUnitReportReporter -->
<testsuite hostname="DK-C-BLR-AUGA" failures="0" tests="1" name="MobileTestFramework.MobileTestFramework.TestValidateHomeScreen" time="34.137" errors="0" timestamp="2022-09-14T20:25:44 CEST" skipped="0">
  <testcase classname="MobileTestFramework.MobileTestFramework.TestValidateHomeScreen" name="homeScreenValidation" time="34.137"/>
  <system-out/>
</testsuite> <!-- MobileTestFramework.MobileTestFramework.TestValidateHomeScreen -->
