<?xml version="1.0" encoding="UTF-8"?>
<!-- Generated by org.testng.reporters.JUnitReportReporter -->
<testsuite hostname="DK-C-BLR-AUGA" failures="0" tests="3" name="EPOSMobileTestFramework.MobileTestFramework.AppLanguage" time="106.407" errors="0" timestamp="2021-04-21T09:42:50 CEST" skipped="0">
  <testcase classname="EPOSMobileTestFramework.MobileTestFramework.AppLanguage" name="LocalisationValidation" time="36.123"/>
  <system-out/>
  <testcase classname="EPOSMobileTestFramework.MobileTestFramework.AppLanguage" name="LocalisationValidation" time="34.141"/>
  <system-out/>
  <testcase classname="EPOSMobileTestFramework.MobileTestFramework.AppLanguage" name="LocalisationValidation" time="36.143"/>
  <system-out/>
</testsuite> <!-- EPOSMobileTestFramework.MobileTestFramework.AppLanguage -->
