<?xml version="1.0" encoding="UTF-8"?>
<!-- Generated by org.testng.reporters.JUnitReportReporter -->
<testsuite hostname="DK-C-BLR-AUGA" failures="0" tests="1" name="EPOSMobileTestFramework.MobileTestFramework.TestNoDeviceFound" time="33.677" errors="0" timestamp="2021-04-07T16:27:17 CEST" skipped="0">
  <testcase classname="EPOSMobileTestFramework.MobileTestFramework.TestNoDeviceFound" name="homeScreenValidation" time="33.677"/>
  <system-out/>
</testsuite> <!-- EPOSMobileTestFramework.MobileTestFramework.TestNoDeviceFound -->
