<?xml version="1.0" encoding="UTF-8"?>
<!-- Generated by org.testng.reporters.JUnitReportReporter -->
<testsuite hostname="DK-C-BLR-AUGA" failures="0" tests="8" name="EPOSMobileTestFramework.MobileTestFramework.TestAppLanguage" time="270.658" errors="0" timestamp="2021-04-22T09:46:07 CEST" skipped="0">
  <testcase classname="EPOSMobileTestFramework.MobileTestFramework.TestAppLanguage" name="LocalisationValidation" time="34.473"/>
  <system-out/>
  <testcase classname="EPOSMobileTestFramework.MobileTestFramework.TestAppLanguage" name="LocalisationValidation" time="34.236"/>
  <system-out/>
  <testcase classname="EPOSMobileTestFramework.MobileTestFramework.TestAppLanguage" name="LocalisationValidation" time="31.128"/>
  <system-out/>
  <testcase classname="EPOSMobileTestFramework.MobileTestFramework.TestAppLanguage" name="LocalisationValidation" time="33.623"/>
  <system-out/>
  <testcase classname="EPOSMobileTestFramework.MobileTestFramework.TestAppLanguage" name="LocalisationValidation" time="34.994"/>
  <system-out/>
  <testcase classname="EPOSMobileTestFramework.MobileTestFramework.TestAppLanguage" name="LocalisationValidation" time="34.979"/>
  <system-out/>
  <testcase classname="EPOSMobileTestFramework.MobileTestFramework.TestAppLanguage" name="LocalisationValidation" time="32.069"/>
  <system-out/>
  <testcase classname="EPOSMobileTestFramework.MobileTestFramework.TestAppLanguage" name="LocalisationValidation" time="35.156"/>
  <system-out/>
</testsuite> <!-- EPOSMobileTestFramework.MobileTestFramework.TestAppLanguage -->
