<?xml version="1.0" encoding="UTF-8"?>
<!-- Generated by org.testng.reporters.JUnitReportReporter -->
<testsuite hostname="DK-C-BLR-AUGA" failures="0" tests="1" name="EPOSMobileTestFramework.MobileTestFramework.TestCases" time="82.325" errors="0" timestamp="2021-06-02T13:50:44 CEST" skipped="0">
  <testcase classname="EPOSMobileTestFramework.MobileTestFramework.TestCases" name="homeScreenValidation" time="82.325"/>
  <system-out/>
</testsuite> <!-- EPOSMobileTestFramework.MobileTestFramework.TestCases -->
